#
# There is insufficient memory for the Java Runtime Environment to continue.
# Native memory allocation (malloc) failed to allocate 675376 bytes for Chunk::new
# Possible reasons:
#   The system is out of physical RAM or swap space
#   The process is running with CompressedOops enabled, and the Java Heap may be blocking the growth of the native heap
# Possible solutions:
#   Reduce memory load on the system
#   Increase physical memory or swap space
#   Check if swap backing store is full
#   Decrease Java heap size (-Xmx/-Xms)
#   Decrease number of Java threads
#   Decrease Java thread stack sizes (-Xss)
#   Set larger code cache with -XX:ReservedCodeCacheSize=
#   JVM is running with Unscaled Compressed Oops mode in which the Java heap is
#     placed in the first 4GB address space. The Java Heap base address is the
#     maximum limit for the native heap growth. Please use -XX:HeapBaseMinAddress
#     to set the Java Heap base and to place the Java Heap above 4GB virtual address.
# This output file may be truncated or incomplete.
#
#  Out of Memory Error (allocation.cpp:389), pid=22088, tid=0x00000000000056e4
#
# JRE version: OpenJDK Runtime Environment (8.0_212-b04) (build 1.8.0_212-release-1586-b04)
# Java VM: OpenJDK 64-Bit Server VM (25.212-b04 mixed mode windows-amd64 compressed oops)
# Failed to write core dump. Minidumps are not enabled by default on client versions of Windows
#

---------------  T H R E A D  ---------------

Current thread (0x0000000018905800):  JavaThread "C2 CompilerThread2" daemon [_thread_in_native, id=22244, stack(0x0000000019270000,0x0000000019370000)]

Stack: [0x0000000019270000,0x0000000019370000]
[error occurred during error reporting (printing stack bounds), id 0xc0000005]

Native frames: (J=compiled Java code, j=interpreted, Vv=VM code, C=native code)


Current CompileTask:
C2:  34264 6423       4       org.apache.commons.compress.archivers.zip.ZipArchiveEntry::setExtraFields (92 bytes)


---------------  P R O C E S S  ---------------

Java Threads: ( => current thread )
  0x0000000019df4000 JavaThread "Keep-Alive-Timer" daemon [_thread_blocked, id=19680, stack(0x0000000024ad0000,0x0000000024bd0000)]
  0x0000000021649000 JavaThread "Cache worker for file content cache (E:\Android\JLX3.0\jinglaixue\.gradle\5.6.4\fileContent)" [_thread_blocked, id=22404, stack(0x0000000024290000,0x0000000024390000)]
  0x000000001b4fd000 JavaThread "Cache worker for file content cache (C:\Users\84459\.gradle\caches\5.6.4\fileContent)" [_thread_blocked, id=22400, stack(0x0000000024190000,0x0000000024290000)]
  0x000000001b500000 JavaThread "Memory manager" [_thread_blocked, id=22396, stack(0x0000000023890000,0x0000000023990000)]
  0x000000001b4fe000 JavaThread "Cache worker for Build Output Cleanup Cache (E:\Android\JLX3.0\jinglaixue\.gradle\buildOutputCleanup)" [_thread_blocked, id=22388, stack(0x0000000023590000,0x0000000023690000)]
  0x000000001b501000 JavaThread "Build operations Thread 8" [_thread_blocked, id=22384, stack(0x0000000022e90000,0x0000000022f90000)]
  0x000000001d6a5000 JavaThread "Build operations Thread 7" [_thread_blocked, id=22380, stack(0x0000000022d90000,0x0000000022e90000)]
  0x000000001d6a9800 JavaThread "Build operations Thread 6" [_thread_blocked, id=22376, stack(0x0000000022c90000,0x0000000022d90000)]
  0x000000001d6a8800 JavaThread "Build operations Thread 5" [_thread_blocked, id=22372, stack(0x0000000022b90000,0x0000000022c90000)]
  0x000000001d6a5800 JavaThread "Build operations Thread 4" [_thread_blocked, id=22368, stack(0x0000000022a90000,0x0000000022b90000)]
  0x000000001d6a6800 JavaThread "Build operations Thread 3" [_thread_blocked, id=22364, stack(0x0000000022990000,0x0000000022a90000)]
  0x000000001d6a8000 JavaThread "Build operations Thread 2" [_thread_blocked, id=22360, stack(0x0000000022890000,0x0000000022990000)]
  0x000000001d6a4000 JavaThread "Build operations" [_thread_blocked, id=22356, stack(0x0000000022570000,0x0000000022670000)]
  0x000000001d6a3800 JavaThread "Cache worker for execution history cache (C:\Users\84459\.gradle\caches\5.6.4\executionHistory)" [_thread_blocked, id=22348, stack(0x0000000022270000,0x0000000022370000)]
  0x000000001d6aa000 JavaThread "Cache worker for cache directory md-rule (C:\Users\84459\.gradle\caches\5.6.4\md-rule)" [_thread_blocked, id=22344, stack(0x000000001f900000,0x000000001fa00000)]
  0x000000001d6a7000 JavaThread "Cache worker for cache directory md-supplier (C:\Users\84459\.gradle\caches\5.6.4\md-supplier)" [_thread_blocked, id=22340, stack(0x000000001f660000,0x000000001f760000)]
  0x000000001a70e000 JavaThread "Cache worker for file hash cache (E:\Android\JLX3.0\jinglaixue\.gradle\5.6.4\fileHashes)" [_thread_blocked, id=22332, stack(0x000000001f800000,0x000000001f900000)]
  0x000000001a714000 JavaThread "Cache worker for journal cache (C:\Users\84459\.gradle\caches\journal-1)" [_thread_blocked, id=22328, stack(0x000000001d1c0000,0x000000001d2c0000)]
  0x000000001a713800 JavaThread "File lock request listener" [_thread_in_native, id=22324, stack(0x000000001d0c0000,0x000000001d1c0000)]
  0x000000001b1c7800 JavaThread "Cache worker for file hash cache (C:\Users\84459\.gradle\caches\5.6.4\fileHashes)" [_thread_blocked, id=22320, stack(0x000000001cdc0000,0x000000001cec0000)]
  0x000000001b1ce000 JavaThread "Thread-9" [_thread_blocked, id=22312, stack(0x000000001ccc0000,0x000000001cdc0000)]
  0x000000001b12e800 JavaThread "Stdin handler" [_thread_blocked, id=22308, stack(0x000000001cbc0000,0x000000001ccc0000)]
  0x000000001b16b800 JavaThread "Asynchronous log dispatcher for DefaultDaemonConnection: socket connection from /127.0.0.1:62785 to /127.0.0.1:62786" [_thread_blocked, id=22304, stack(0x000000001c9c0000,0x000000001cac0000)]
  0x000000001b12e000 JavaThread "Daemon worker" [_thread_in_Java, id=22292, stack(0x000000001c8c0000,0x000000001c9c0000)]
  0x000000001b11a800 JavaThread "Cancel handler" [_thread_blocked, id=22288, stack(0x000000001c7c0000,0x000000001c8c0000)]
  0x000000001b0fd000 JavaThread "Handler for socket connection from /127.0.0.1:62785 to /127.0.0.1:62786" [_thread_in_native, id=22284, stack(0x000000001c4c0000,0x000000001c5c0000)]
  0x000000001b0f8000 JavaThread "Daemon" [_thread_blocked, id=22280, stack(0x000000001c3c0000,0x000000001c4c0000)]
  0x000000001b095000 JavaThread "Daemon periodic checks" [_thread_blocked, id=22276, stack(0x000000001c2c0000,0x000000001c3c0000)]
  0x000000001b07c800 JavaThread "Incoming local TCP Connector on port 62785" [_thread_in_native, id=22272, stack(0x000000001c110000,0x000000001c210000)]
  0x0000000019792800 JavaThread "Daemon health stats" [_thread_blocked, id=22264, stack(0x000000001be10000,0x000000001bf10000)]
  0x0000000018995000 JavaThread "Service Thread" daemon [_thread_blocked, id=22252, stack(0x0000000019470000,0x0000000019570000)]
  0x000000001890d000 JavaThread "C1 CompilerThread3" daemon [_thread_blocked, id=22248, stack(0x0000000019370000,0x0000000019470000)]
=>0x0000000018905800 JavaThread "C2 CompilerThread2" daemon [_thread_in_native, id=22244, stack(0x0000000019270000,0x0000000019370000)]
  0x0000000018904000 JavaThread "C2 CompilerThread1" daemon [_thread_in_native, id=22240, stack(0x0000000019170000,0x0000000019270000)]
  0x0000000016abe000 JavaThread "C2 CompilerThread0" daemon [_thread_in_native, id=22236, stack(0x0000000019070000,0x0000000019170000)]
  0x0000000018900000 JavaThread "Attach Listener" daemon [_thread_blocked, id=22232, stack(0x0000000018f70000,0x0000000019070000)]
  0x00000000188ad800 JavaThread "Signal Dispatcher" daemon [_thread_blocked, id=22228, stack(0x0000000018e70000,0x0000000018f70000)]
  0x0000000002cee000 JavaThread "Finalizer" daemon [_thread_blocked, id=22224, stack(0x0000000018d70000,0x0000000018e70000)]
  0x0000000002ce5800 JavaThread "Reference Handler" daemon [_thread_blocked, id=22220, stack(0x0000000018c70000,0x0000000018d70000)]
  0x0000000002aee800 JavaThread "main" [_thread_blocked, id=22176, stack(0x0000000002af0000,0x0000000002bf0000)]

Other Threads:
  0x0000000016aa6800 VMThread [stack: 0x0000000018770000,0x0000000018870000] [id=22216]
  0x0000000018996000 WatcherThread [stack: 0x0000000019570000,0x0000000019670000] [id=22256]

VM state:not at safepoint (normal execution)

VM Mutex/Monitor currently owned by a thread: None

heap address: 0x00000000a0000000, size: 1536 MB, Compressed Oops mode: 32-bit
Narrow klass base: 0x0000000000000000, Narrow klass shift: 3
Compressed class space size: 1073741824 Address: 0x0000000100000000

Heap:
 PSYoungGen      total 163328K, used 13470K [0x00000000e0000000, 0x00000000eb780000, 0x0000000100000000)
  eden space 147968K, 1% used [0x00000000e0000000,0x00000000e02d88a0,0x00000000e9080000)
  from space 15360K, 68% used [0x00000000e9080000,0x00000000e9acf248,0x00000000e9f80000)
  to   space 15360K, 0% used [0x00000000e9f80000,0x00000000e9f80000,0x00000000eae80000)
 ParOldGen       total 94720K, used 28558K [0x00000000a0000000, 0x00000000a5c80000, 0x00000000e0000000)
  object space 94720K, 30% used [0x00000000a0000000,0x00000000a1be3940,0x00000000a5c80000)
 Metaspace       used 58760K, capacity 60524K, committed 60672K, reserved 1101824K
  class space    used 7946K, capacity 8385K, committed 8448K, reserved 1048576K

Card table byte_map: [0x00000000120b0000,0x00000000123c0000] byte_map_base: 0x0000000011bb0000

Marking Bits: (ParMarkBitMap*) 0x0000000071189f30
 Begin Bits: [0x0000000012dc0000, 0x00000000145c0000)
 End Bits:   [0x00000000145c0000, 0x0000000015dc0000)

Polling page: 0x0000000000a10000

CodeCache: size=245760Kb used=18896Kb max_used=18923Kb free=226863Kb
 bounds [0x0000000002cf0000, 0x0000000003f90000, 0x0000000011cf0000]
 total_blobs=6368 nmethods=5556 adapters=724
 compilation: enabled

Compilation events (10 events):
Event: 34.210 Thread 0x0000000016abe000 nmethod 6422 0x0000000003f745d0 code [0x0000000003f747e0, 0x0000000003f75778]
Event: 34.210 Thread 0x0000000016abe000 6425       4       org.apache.commons.compress.archivers.zip.ZipFile::readCentralDirectoryEntry (459 bytes)
Event: 34.233 Thread 0x0000000018904000 nmethod 6395 0x0000000003f7cc10 code [0x0000000003f7cf60, 0x0000000003f81570]
Event: 34.233 Thread 0x0000000018904000 6433       4       org.apache.commons.compress.archivers.zip.ZipArchiveEntry::mergeExtraFields (143 bytes)
Event: 34.249 Thread 0x0000000018904000 nmethod 6433 0x0000000003f71650 code [0x0000000003f717e0, 0x0000000003f71f18]
Event: 34.249 Thread 0x0000000018904000 6434       4       org.apache.commons.compress.archivers.zip.X5455_ExtendedTimestamp::getLocalFileDataData (131 bytes)
Event: 34.253 Thread 0x0000000018904000 nmethod 6434 0x0000000003f66f90 code [0x0000000003f670e0, 0x0000000003f673b8]
Event: 34.253 Thread 0x0000000018904000 6436       4       org.apache.commons.compress.archivers.zip.ZipFile::setSizesAndOffsetFromZip64Extra (194 bytes)
Event: 34.256 Thread 0x0000000018904000 nmethod 6436 0x0000000002f5b910 code [0x0000000002f5ba60, 0x0000000002f5bbf8]
Event: 34.257 Thread 0x0000000018904000 6435       4       org.apache.commons.compress.archivers.zip.X7875_NewUnix::getLocalFileDataData (116 bytes)

GC Heap History (10 events):
Event: 8.632 GC heap before
{Heap before GC invocations=14 (full 2):
 PSYoungGen      total 144896K, used 31909K [0x00000000e0000000, 0x00000000ea600000, 0x0000000100000000)
  eden space 131072K, 14% used [0x00000000e0000000,0x00000000e11efa98,0x00000000e8000000)
  from space 13824K, 97% used [0x00000000e8b00000,0x00000000e9839c70,0x00000000e9880000)
  to   space 12288K, 0% used [0x00000000e9a00000,0x00000000e9a00000,0x00000000ea600000)
 ParOldGen       total 94720K, used 24698K [0x00000000a0000000, 0x00000000a5c80000, 0x00000000e0000000)
  object space 94720K, 26% used [0x00000000a0000000,0x00000000a181ea30,0x00000000a5c80000)
 Metaspace       used 57345K, capacity 59016K, committed 59096K, reserved 1099776K
  class space    used 7814K, capacity 8241K, committed 8320K, reserved 1048576K
Event: 8.638 GC heap after
Heap after GC invocations=14 (full 2):
 PSYoungGen      total 143360K, used 8195K [0x00000000e0000000, 0x00000000ea600000, 0x0000000100000000)
  eden space 131072K, 0% used [0x00000000e0000000,0x00000000e0000000,0x00000000e8000000)
  from space 12288K, 66% used [0x00000000e9a00000,0x00000000ea200f68,0x00000000ea600000)
  to   space 13824K, 0% used [0x00000000e8b00000,0x00000000e8b00000,0x00000000e9880000)
 ParOldGen       total 94720K, used 24770K [0x00000000a0000000, 0x00000000a5c80000, 0x00000000e0000000)
  object space 94720K, 26% used [0x00000000a0000000,0x00000000a1830a40,0x00000000a5c80000)
 Metaspace       used 57345K, capacity 59016K, committed 59096K, reserved 1099776K
  class space    used 7814K, capacity 8241K, committed 8320K, reserved 1048576K
}
Event: 8.638 GC heap before
{Heap before GC invocations=15 (full 3):
 PSYoungGen      total 143360K, used 8195K [0x00000000e0000000, 0x00000000ea600000, 0x0000000100000000)
  eden space 131072K, 0% used [0x00000000e0000000,0x00000000e0000000,0x00000000e8000000)
  from space 12288K, 66% used [0x00000000e9a00000,0x00000000ea200f68,0x00000000ea600000)
  to   space 13824K, 0% used [0x00000000e8b00000,0x00000000e8b00000,0x00000000e9880000)
 ParOldGen       total 94720K, used 24770K [0x00000000a0000000, 0x00000000a5c80000, 0x00000000e0000000)
  object space 94720K, 26% used [0x00000000a0000000,0x00000000a1830a40,0x00000000a5c80000)
 Metaspace       used 57345K, capacity 59016K, committed 59096K, reserved 1099776K
  class space    used 7814K, capacity 8241K, committed 8320K, reserved 1048576K
Event: 8.850 GC heap after
Heap after GC invocations=15 (full 3):
 PSYoungGen      total 143360K, used 0K [0x00000000e0000000, 0x00000000ea600000, 0x0000000100000000)
  eden space 131072K, 0% used [0x00000000e0000000,0x00000000e0000000,0x00000000e8000000)
  from space 12288K, 0% used [0x00000000e9a00000,0x00000000e9a00000,0x00000000ea600000)
  to   space 13824K, 0% used [0x00000000e8b00000,0x00000000e8b00000,0x00000000e9880000)
 ParOldGen       total 94720K, used 28534K [0x00000000a0000000, 0x00000000a5c80000, 0x00000000e0000000)
  object space 94720K, 30% used [0x00000000a0000000,0x00000000a1bdd940,0x00000000a5c80000)
 Metaspace       used 57345K, capacity 59016K, committed 59096K, reserved 1099776K
  class space    used 7814K, capacity 8241K, committed 8320K, reserved 1048576K
}
Event: 15.478 GC heap before
{Heap before GC invocations=16 (full 3):
 PSYoungGen      total 143360K, used 131072K [0x00000000e0000000, 0x00000000ea600000, 0x0000000100000000)
  eden space 131072K, 100% used [0x00000000e0000000,0x00000000e8000000,0x00000000e8000000)
  from space 12288K, 0% used [0x00000000e9a00000,0x00000000e9a00000,0x00000000ea600000)
  to   space 13824K, 0% used [0x00000000e8b00000,0x00000000e8b00000,0x00000000e9880000)
 ParOldGen       total 94720K, used 28534K [0x00000000a0000000, 0x00000000a5c80000, 0x00000000e0000000)
  object space 94720K, 30% used [0x00000000a0000000,0x00000000a1bdd940,0x00000000a5c80000)
 Metaspace       used 58333K, capacity 60094K, committed 60416K, reserved 1101824K
  class space    used 7912K, capacity 8350K, committed 8448K, reserved 1048576K
Event: 15.481 GC heap after
Heap after GC invocations=16 (full 3):
 PSYoungGen      total 156160K, used 2801K [0x00000000e0000000, 0x00000000eae80000, 0x0000000100000000)
  eden space 142336K, 0% used [0x00000000e0000000,0x00000000e0000000,0x00000000e8b00000)
  from space 13824K, 20% used [0x00000000e8b00000,0x00000000e8dbc680,0x00000000e9880000)
  to   space 15360K, 0% used [0x00000000e9f80000,0x00000000e9f80000,0x00000000eae80000)
 ParOldGen       total 94720K, used 28542K [0x00000000a0000000, 0x00000000a5c80000, 0x00000000e0000000)
  object space 94720K, 30% used [0x00000000a0000000,0x00000000a1bdf940,0x00000000a5c80000)
 Metaspace       used 58333K, capacity 60094K, committed 60416K, reserved 1101824K
  class space    used 7912K, capacity 8350K, committed 8448K, reserved 1048576K
}
Event: 25.104 GC heap before
{Heap before GC invocations=17 (full 3):
 PSYoungGen      total 156160K, used 145137K [0x00000000e0000000, 0x00000000eae80000, 0x0000000100000000)
  eden space 142336K, 100% used [0x00000000e0000000,0x00000000e8b00000,0x00000000e8b00000)
  from space 13824K, 20% used [0x00000000e8b00000,0x00000000e8dbc680,0x00000000e9880000)
  to   space 15360K, 0% used [0x00000000e9f80000,0x00000000e9f80000,0x00000000eae80000)
 ParOldGen       total 94720K, used 28542K [0x00000000a0000000, 0x00000000a5c80000, 0x00000000e0000000)
  object space 94720K, 30% used [0x00000000a0000000,0x00000000a1bdf940,0x00000000a5c80000)
 Metaspace       used 58337K, capacity 60094K, committed 60416K, reserved 1101824K
  class space    used 7912K, capacity 8350K, committed 8448K, reserved 1048576K
Event: 25.107 GC heap after
Heap after GC invocations=17 (full 3):
 PSYoungGen      total 163328K, used 1806K [0x00000000e0000000, 0x00000000eb780000, 0x0000000100000000)
  eden space 147968K, 0% used [0x00000000e0000000,0x00000000e0000000,0x00000000e9080000)
  from space 15360K, 11% used [0x00000000e9f80000,0x00000000ea143840,0x00000000eae80000)
  to   space 15360K, 0% used [0x00000000e9080000,0x00000000e9080000,0x00000000e9f80000)
 ParOldGen       total 94720K, used 28550K [0x00000000a0000000, 0x00000000a5c80000, 0x00000000e0000000)
  object space 94720K, 30% used [0x00000000a0000000,0x00000000a1be1940,0x00000000a5c80000)
 Metaspace       used 58337K, capacity 60094K, committed 60416K, reserved 1101824K
  class space    used 7912K, capacity 8350K, committed 8448K, reserved 1048576K
}
Event: 34.239 GC heap before
{Heap before GC invocations=18 (full 3):
 PSYoungGen      total 163328K, used 149774K [0x00000000e0000000, 0x00000000eb780000, 0x0000000100000000)
  eden space 147968K, 100% used [0x00000000e0000000,0x00000000e9080000,0x00000000e9080000)
  from space 15360K, 11% used [0x00000000e9f80000,0x00000000ea143840,0x00000000eae80000)
  to   space 15360K, 0% used [0x00000000e9080000,0x00000000e9080000,0x00000000e9f80000)
 ParOldGen       total 94720K, used 28550K [0x00000000a0000000, 0x00000000a5c80000, 0x00000000e0000000)
  object space 94720K, 30% used [0x00000000a0000000,0x00000000a1be1940,0x00000000a5c80000)
 Metaspace       used 58760K, capacity 60524K, committed 60672K, reserved 1101824K
  class space    used 7946K, capacity 8385K, committed 8448K, reserved 1048576K
Event: 34.248 GC heap after
Heap after GC invocations=18 (full 3):
 PSYoungGen      total 163328K, used 10556K [0x00000000e0000000, 0x00000000eb780000, 0x0000000100000000)
  eden space 147968K, 0% used [0x00000000e0000000,0x00000000e0000000,0x00000000e9080000)
  from space 15360K, 68% used [0x00000000e9080000,0x00000000e9acf248,0x00000000e9f80000)
  to   space 15360K, 0% used [0x00000000e9f80000,0x00000000e9f80000,0x00000000eae80000)
 ParOldGen       total 94720K, used 28558K [0x00000000a0000000, 0x00000000a5c80000, 0x00000000e0000000)
  object space 94720K, 30% used [0x00000000a0000000,0x00000000a1be3940,0x00000000a5c80000)
 Metaspace       used 58760K, capacity 60524K, committed 60672K, reserved 1101824K
  class space    used 7946K, capacity 8385K, committed 8448K, reserved 1048576K
}

Deoptimization events (10 events):
Event: 11.270 Thread 0x000000001b12e000 Uncommon trap: reason=unstable_if action=reinterpret pc=0x0000000003e36718 method=com.sun.crypto.provider.GaloisCounterMode.increment32([B)V @ 39
Event: 15.481 Thread 0x0000000002ce5800 Uncommon trap: reason=unstable_if action=reinterpret pc=0x00000000031fcd78 method=java.lang.ref.Reference.tryHandlePending(Z)Z @ 20
Event: 15.482 Thread 0x0000000002cee000 Uncommon trap: reason=unstable_if action=reinterpret pc=0x0000000003d357d8 method=java.util.HashMap$HashIterator.<init>(Ljava/util/HashMap;)V @ 45
Event: 19.048 Thread 0x0000000021642800 Uncommon trap: reason=unstable_if action=reinterpret pc=0x0000000003e9bc68 method=com.sun.crypto.provider.GaloisCounterMode.decryptFinal([BII[BI)I @ 5
Event: 33.916 Thread 0x000000001b12e000 Uncommon trap: reason=unstable_if action=reinterpret pc=0x0000000003eb082c method=sun.net.www.MeteredStream.justRead(J)V @ 101
Event: 33.917 Thread 0x000000001b12e000 Uncommon trap: reason=unstable_if action=reinterpret pc=0x0000000003dfdedc method=java.lang.Math.min(DD)D @ 36
Event: 33.917 Thread 0x000000001b12e000 Uncommon trap: reason=unstable_if action=reinterpret pc=0x0000000003e92008 method=sun.net.www.protocol.http.HttpURLConnection$HttpInputStream.read([BII)I @ 69
Event: 33.949 Thread 0x000000001b12e000 Uncommon trap: reason=unstable_if action=reinterpret pc=0x00000000038d62f4 method=java.lang.StringCoding$StringDecoder.decode([BII)[C @ 20
Event: 33.950 Thread 0x000000001b12e000 Uncommon trap: reason=unstable_if action=reinterpret pc=0x00000000038d0fcc method=java.lang.StringCoding$StringDecoder.decode([BII)[C @ 20
Event: 33.950 Thread 0x000000001b12e000 Uncommon trap: reason=unstable_if action=reinterpret pc=0x00000000038d3390 method=java.lang.StringCoding$StringDecoder.decode([BII)[C @ 20

Classes redefined (0 events):
No events

Internal exceptions (10 events):
Event: 9.047 Thread 0x000000001b12e000 Implicit null exception at 0x0000000002f27856 to 0x0000000002f27be9
Event: 9.054 Thread 0x000000001b12e000 Exception <a 'java/lang/ClassNotFoundException': com/sun/org/glassfish/hk2/osgiresourcelocator/ServiceLoader> (0x00000000e010e098) thrown at [D:\src\AOSP-openjdk-cygwin\jdk8u\hotspot\src\share\vm\classfile\systemDictionary.cpp, line 210]
Event: 9.174 Thread 0x000000001b12e000 Exception <a 'java/lang/ClassNotFoundException': com/sun/org/glassfish/hk2/osgiresourcelocator/ServiceLoader> (0x00000000e028ede0) thrown at [D:\src\AOSP-openjdk-cygwin\jdk8u\hotspot\src\share\vm\classfile\systemDictionary.cpp, line 210]
Event: 9.368 Thread 0x000000001b12e000 Exception <a 'java/lang/ClassNotFoundException': com/sun/org/glassfish/hk2/osgiresourcelocator/ServiceLoader> (0x00000000e1adf3b8) thrown at [D:\src\AOSP-openjdk-cygwin\jdk8u\hotspot\src\share\vm\classfile\systemDictionary.cpp, line 210]
Event: 9.388 Thread 0x000000001b12e000 Exception <a 'java/lang/ClassNotFoundException': com/sun/org/glassfish/hk2/osgiresourcelocator/ServiceLoader> (0x00000000e1f813d8) thrown at [D:\src\AOSP-openjdk-cygwin\jdk8u\hotspot\src\share\vm\classfile\systemDictionary.cpp, line 210]
Event: 9.780 Thread 0x000000001b12e000 Exception <a 'sun/nio/fs/WindowsException'> (0x00000000e451e2c0) thrown at [D:\src\AOSP-openjdk-cygwin\jdk8u\hotspot\src\share\vm\prims\jni.cpp, line 710]
Event: 9.780 Thread 0x000000001b12e000 Exception <a 'sun/nio/fs/WindowsException'> (0x00000000e451f478) thrown at [D:\src\AOSP-openjdk-cygwin\jdk8u\hotspot\src\share\vm\prims\jni.cpp, line 710]
Event: 9.780 Thread 0x000000001b12e000 Exception <a 'sun/nio/fs/WindowsException'> (0x00000000e451fe78) thrown at [D:\src\AOSP-openjdk-cygwin\jdk8u\hotspot\src\share\vm\prims\jni.cpp, line 710]
Event: 10.180 Thread 0x000000001b12e000 Exception <a 'sun/nio/fs/WindowsException'> (0x00000000e45a8510) thrown at [D:\src\AOSP-openjdk-cygwin\jdk8u\hotspot\src\share\vm\prims\jni.cpp, line 710]
Event: 33.918 Thread 0x000000001b12e000 Exception <a 'sun/nio/fs/WindowsException'> (0x00000000e739d460) thrown at [D:\src\AOSP-openjdk-cygwin\jdk8u\hotspot\src\share\vm\prims\jni.cpp, line 710]

Events (10 events):
Event: 33.958 Thread 0x000000001890d000 flushing nmethod 0x0000000003cdac90
Event: 33.958 Thread 0x000000001890d000 flushing nmethod 0x0000000003ceae50
Event: 33.959 Thread 0x000000001890d000 flushing nmethod 0x0000000003d284d0
Event: 34.239 Executing VM operation: ParallelGCFailedAllocation
Event: 34.248 Executing VM operation: ParallelGCFailedAllocation done
Event: 34.248 Executing VM operation: RevokeBias
Event: 34.248 Executing VM operation: RevokeBias done
Event: 34.253 Thread 0x0000000018904000 flushing nmethod 0x0000000002f267d0
Event: 34.253 Thread 0x0000000018904000 flushing nmethod 0x0000000002f28c90
Event: 34.253 Thread 0x0000000018904000 flushing nmethod 0x0000000002f5b610


Dynamic libraries:
0x00007ff69c870000 - 0x00007ff69c8a1000 	C:\Program Files\Android\Android Studio\jre\bin\java.exe
0x00007ffb8bba0000 - 0x00007ffb8bd90000 	C:\WINDOWS\SYSTEM32\ntdll.dll
0x00007ffb8a450000 - 0x00007ffb8a502000 	C:\WINDOWS\System32\KERNEL32.DLL
0x00007ffb88c00000 - 0x00007ffb88ea4000 	C:\WINDOWS\System32\KERNELBASE.dll
0x00007ffb8a580000 - 0x00007ffb8a623000 	C:\WINDOWS\System32\ADVAPI32.dll
0x00007ffb8bac0000 - 0x00007ffb8bb5e000 	C:\WINDOWS\System32\msvcrt.dll
0x00007ffb8ace0000 - 0x00007ffb8ad77000 	C:\WINDOWS\System32\sechost.dll
0x00007ffb8a2b0000 - 0x00007ffb8a3d0000 	C:\WINDOWS\System32\RPCRT4.dll
0x00007ffb8ad80000 - 0x00007ffb8af14000 	C:\WINDOWS\System32\USER32.dll
0x00007ffb88f00000 - 0x00007ffb88f21000 	C:\WINDOWS\System32\win32u.dll
0x00007ffb8b610000 - 0x00007ffb8b636000 	C:\WINDOWS\System32\GDI32.dll
0x00007ffb89080000 - 0x00007ffb89214000 	C:\WINDOWS\System32\gdi32full.dll
0x00007ffb88fe0000 - 0x00007ffb8907e000 	C:\WINDOWS\System32\msvcp_win.dll
0x00007ffb89b50000 - 0x00007ffb89c4a000 	C:\WINDOWS\System32\ucrtbase.dll
0x00007ffb70530000 - 0x00007ffb707b4000 	C:\WINDOWS\WinSxS\amd64_microsoft.windows.common-controls_6595b64144ccf1df_6.0.18362.836_none_e6c4b943130f18ed\COMCTL32.dll
0x00007ffb89f70000 - 0x00007ffb8a2a6000 	C:\WINDOWS\System32\combase.dll
0x00007ffb88b80000 - 0x00007ffb88c00000 	C:\WINDOWS\System32\bcryptPrimitives.dll
0x00007ffb8a700000 - 0x00007ffb8a72e000 	C:\WINDOWS\System32\IMM32.DLL
0x0000000072410000 - 0x00000000724e2000 	C:\Program Files\Android\Android Studio\jre\jre\bin\msvcr100.dll
0x00000000709c0000 - 0x0000000071206000 	C:\Program Files\Android\Android Studio\jre\jre\bin\server\jvm.dll
0x00007ffb8ba50000 - 0x00007ffb8ba58000 	C:\WINDOWS\System32\PSAPI.DLL
0x00007ffb7ba00000 - 0x00007ffb7ba09000 	C:\WINDOWS\SYSTEM32\WSOCK32.dll
0x00007ffb8b840000 - 0x00007ffb8b8af000 	C:\WINDOWS\System32\WS2_32.dll
0x00007ffb7bd40000 - 0x00007ffb7bd64000 	C:\WINDOWS\SYSTEM32\WINMM.dll
0x00007ffb82c90000 - 0x00007ffb82c9a000 	C:\WINDOWS\SYSTEM32\VERSION.dll
0x00007ffb7bb60000 - 0x00007ffb7bb8d000 	C:\WINDOWS\SYSTEM32\winmmbase.dll
0x00007ffb88eb0000 - 0x00007ffb88efa000 	C:\WINDOWS\System32\cfgmgr32.dll
0x00007ffb81ae0000 - 0x00007ffb81aef000 	C:\Program Files\Android\Android Studio\jre\jre\bin\verify.dll
0x00007ffb6f990000 - 0x00007ffb6f9b9000 	C:\Program Files\Android\Android Studio\jre\jre\bin\java.dll
0x00007ffb802f0000 - 0x00007ffb80306000 	C:\Program Files\Android\Android Studio\jre\jre\bin\zip.dll
0x00007ffb8af20000 - 0x00007ffb8b604000 	C:\WINDOWS\System32\SHELL32.dll
0x00007ffb8b660000 - 0x00007ffb8b709000 	C:\WINDOWS\System32\shcore.dll
0x00007ffb89280000 - 0x00007ffb899fe000 	C:\WINDOWS\System32\windows.storage.dll
0x00007ffb88ae0000 - 0x00007ffb88b03000 	C:\WINDOWS\System32\profapi.dll
0x00007ffb88a90000 - 0x00007ffb88ada000 	C:\WINDOWS\System32\powrprof.dll
0x00007ffb88a60000 - 0x00007ffb88a70000 	C:\WINDOWS\System32\UMPDC.dll
0x00007ffb8ba60000 - 0x00007ffb8bab2000 	C:\WINDOWS\System32\shlwapi.dll
0x00007ffb88a70000 - 0x00007ffb88a81000 	C:\WINDOWS\System32\kernel.appcore.dll
0x00007ffb88b60000 - 0x00007ffb88b77000 	C:\WINDOWS\System32\cryptsp.dll
0x00007ffb7f210000 - 0x00007ffb7f22a000 	C:\Program Files\Android\Android Studio\jre\jre\bin\net.dll
0x00007ffb7afc0000 - 0x00007ffb7b196000 	C:\WINDOWS\SYSTEM32\urlmon.dll
0x00007ffb7a1c0000 - 0x00007ffb7a466000 	C:\WINDOWS\SYSTEM32\iertutil.dll
0x00007ffb88470000 - 0x00007ffb8847c000 	C:\WINDOWS\SYSTEM32\CRYPTBASE.DLL
0x00007ffb882a0000 - 0x00007ffb88307000 	C:\WINDOWS\system32\mswsock.dll
0x00007ffb6f970000 - 0x00007ffb6f983000 	C:\Program Files\Android\Android Studio\jre\jre\bin\nio.dll
0x00007ffb60930000 - 0x00007ffb60956000 	C:\Users\84459\.gradle\native\30\windows-amd64\native-platform.dll
0x00007ffb81940000 - 0x00007ffb8194d000 	C:\Program Files\Android\Android Studio\jre\jre\bin\management.dll
0x00007ffb87db0000 - 0x00007ffb87de3000 	C:\WINDOWS\system32\rsaenh.dll
0x00007ffb88b30000 - 0x00007ffb88b56000 	C:\WINDOWS\System32\bcrypt.dll
0x00007ffb88980000 - 0x00007ffb889a5000 	C:\WINDOWS\SYSTEM32\USERENV.dll
0x00007ffb87fb0000 - 0x00007ffb87fea000 	C:\WINDOWS\SYSTEM32\IPHLPAPI.DLL
0x00007ffb89f60000 - 0x00007ffb89f68000 	C:\WINDOWS\System32\NSI.dll
0x00007ffb7f600000 - 0x00007ffb7f616000 	C:\WINDOWS\SYSTEM32\dhcpcsvc6.DLL
0x00007ffb7fbe0000 - 0x00007ffb7fbfc000 	C:\WINDOWS\SYSTEM32\dhcpcsvc.DLL
0x00007ffb88000000 - 0x00007ffb880cb000 	C:\WINDOWS\SYSTEM32\DNSAPI.dll
0x00007ffb62040000 - 0x00007ffb62064000 	C:\Program Files\Android\Android Studio\jre\jre\bin\sunec.dll
0x00007ffb81190000 - 0x00007ffb8119b000 	C:\Program Files\Android\Android Studio\jre\jre\bin\sunmscapi.dll
0x00007ffb89a00000 - 0x00007ffb89b49000 	C:\WINDOWS\System32\CRYPT32.dll
0x00007ffb88b10000 - 0x00007ffb88b22000 	C:\WINDOWS\System32\MSASN1.dll
0x00007ffb81890000 - 0x00007ffb8189a000 	C:\Windows\System32\rasadhlp.dll
0x00007ffb7f040000 - 0x00007ffb7f0b7000 	C:\WINDOWS\System32\fwpuclnt.dll

VM Arguments:
jvm_args: -Xmx1536m -Dfile.encoding=GBK -Duser.country=CN -Duser.language=zh -Duser.variant 
java_command: org.gradle.launcher.daemon.bootstrap.GradleDaemon 5.6.4
java_class_path (initial): C:\Users\84459\.gradle\wrapper\dists\gradle-5.6.4-all\ankdp27end7byghfw1q2sw75f\gradle-5.6.4\lib\gradle-launcher-5.6.4.jar
Launcher Type: SUN_STANDARD

Environment Variables:
PATH=C:\ProgramData\Oracle\Java\javapath;C:\ProgramData\Microsoft\Windows\Start Menu\Programs\Visual Studio 2017\Microsoft Visual Studio SDK\Tools\D:\广大君\作业\C++面向对象\题;C:\Progra; Files\Microsoft SQL Server\Client SDK\ODBC\110\Tools\Binn\;C:\Program Files (x86)\Microsoft SQL Server\120\Tools\Binn\;C:\Program Files\Microsoft SQL Server\120\Tools\Binn\;C:\Program Files\Microsoft SQL Server\120\DTS\Binn\;C:\Program Files (x86)\Microsoft SQL Server\120\Tools\Binn\ManagementStudio\;C:\Program Files (x86)\Microsoft SQL Server\120\DTS\Binn\;C:\Program Files (x86)\QuickTime\QTSystem\;D:\Adobe\GIt\Git\cmd;D:\Adobe\Python\Scripts\;D:\Adobe\Python\;C:\Users\84459\AppData\Local\Microsoft\WindowsApps;
USERNAME=84459
OS=Windows_NT
PROCESSOR_IDENTIFIER=Intel64 Family 6 Model 142 Stepping 10, GenuineIntel



---------------  S Y S T E M  ---------------

OS: Windows 10.0 , 64 bit Build 18362 (10.0.18362.778)

CPU:total 8 (initial active 8) (4 cores per cpu, 2 threads per core) family 6 model 142 stepping 10, cmov, cx8, fxsr, mmx, sse, sse2, sse3, ssse3, sse4.1, sse4.2, popcnt, avx, avx2, aes, clmul, erms, 3dnowpref, lzcnt, ht, tsc, tscinvbit, bmi1, bmi2, adx

Memory: 4k page, physical 8268520k(1954628k free), swap 9675264k(5448k free)

vm_info: OpenJDK 64-Bit Server VM (25.212-b04) for windows-amd64 JRE (1.8.0_212-release-1586-b04), built by "builder" with MS VC++ 10.0 (VS2010)

time: Tue May 26 17:38:55 2020
timezone: 中国标准时间
elapsed time: 34 seconds (0d 0h 0m 34s)

