#
# There is insufficient memory for the Java Runtime Environment to continue.
# Native memory allocation (malloc) failed to allocate 32744 bytes for ChunkPool::allocate
# Possible reasons:
#   The system is out of physical RAM or swap space
#   The process is running with CompressedOops enabled, and the Java Heap may be blocking the growth of the native heap
# Possible solutions:
#   Reduce memory load on the system
#   Increase physical memory or swap space
#   Check if swap backing store is full
#   Decrease Java heap size (-Xmx/-Xms)
#   Decrease number of Java threads
#   Decrease Java thread stack sizes (-Xss)
#   Set larger code cache with -XX:ReservedCodeCacheSize=
#   JVM is running with Unscaled Compressed Oops mode in which the Java heap is
#     placed in the first 4GB address space. The Java Heap base address is the
#     maximum limit for the native heap growth. Please use -XX:HeapBaseMinAddress
#     to set the Java Heap base and to place the Java Heap above 4GB virtual address.
# This output file may be truncated or incomplete.
#
#  Out of Memory Error (allocation.cpp:272), pid=4836, tid=0x00000000000052bc
#
# JRE version: OpenJDK Runtime Environment (8.0_212-b04) (build 1.8.0_212-release-1586-b04)
# Java VM: OpenJDK 64-Bit Server VM (25.212-b04 mixed mode windows-amd64 compressed oops)
# Failed to write core dump. Minidumps are not enabled by default on client versions of Windows
#

---------------  T H R E A D  ---------------

Current thread (0x000000001737d800):  JavaThread "C2 CompilerThread1" daemon [_thread_in_native, id=21180, stack(0x0000000019a40000,0x0000000019b40000)]

Stack: [0x0000000019a40000,0x0000000019b40000]
[error occurred during error reporting (printing stack bounds), id 0xc0000005]

Native frames: (J=compiled Java code, j=interpreted, Vv=VM code, C=native code)


Current CompileTask:
C2:   9369 5852 %     4       groovy.lang.MetaClassImpl::inheritInterfaceNewMetaMethods @ 104 (199 bytes)


---------------  P R O C E S S  ---------------

Java Threads: ( => current thread )
  0x0000000022171000 JavaThread "Memory manager" [_thread_blocked, id=13976, stack(0x0000000023920000,0x0000000023a20000)]
  0x000000001e1d6000 JavaThread "Cache worker for Build Output Cleanup Cache (E:\Android\JLX3.0\jinglaixue\.gradle\buildOutputCleanup)" [_thread_blocked, id=6120, stack(0x0000000023440000,0x0000000023540000)]
  0x000000001e1d9800 JavaThread "Build operations Thread 8" [_thread_blocked, id=8112, stack(0x0000000023fa0000,0x00000000240a0000)]
  0x000000001e1dc800 JavaThread "Build operations Thread 7" [_thread_blocked, id=10532, stack(0x0000000023ea0000,0x0000000023fa0000)]
  0x000000001e1d6800 JavaThread "Build operations Thread 6" [_thread_blocked, id=12268, stack(0x0000000023da0000,0x0000000023ea0000)]
  0x000000001e1da800 JavaThread "Build operations Thread 5" [_thread_blocked, id=2616, stack(0x0000000023ca0000,0x0000000023da0000)]
  0x000000001e1db000 JavaThread "Build operations Thread 4" [_thread_blocked, id=18404, stack(0x0000000023ba0000,0x0000000023ca0000)]
  0x000000001e1ce800 JavaThread "Build operations Thread 3" [_thread_blocked, id=7952, stack(0x0000000023aa0000,0x0000000023ba0000)]
  0x000000001e1d0000 JavaThread "Build operations Thread 2" [_thread_blocked, id=11364, stack(0x0000000023620000,0x0000000023720000)]
  0x000000001e1d5000 JavaThread "Build operations" [_thread_blocked, id=1684, stack(0x0000000022ca0000,0x0000000022da0000)]
  0x000000001e1d2000 JavaThread "Cache worker for execution history cache (C:\Users\84459\.gradle\caches\5.6.4\executionHistory)" [_thread_blocked, id=2020, stack(0x0000000022a40000,0x0000000022b40000)]
  0x000000001e1d4800 JavaThread "Cache worker for cache directory md-rule (C:\Users\84459\.gradle\caches\5.6.4\md-rule)" [_thread_blocked, id=19680, stack(0x0000000022ba0000,0x0000000022ca0000)]
  0x000000001e1cf000 JavaThread "Cache worker for cache directory md-supplier (C:\Users\84459\.gradle\caches\5.6.4\md-supplier)" [_thread_blocked, id=11424, stack(0x0000000020030000,0x0000000020130000)]
  0x000000001af08800 JavaThread "Cache worker for file hash cache (E:\Android\JLX3.0\jinglaixue\.gradle\5.6.4\fileHashes)" [_thread_blocked, id=11760, stack(0x000000001fd30000,0x000000001fe30000)]
  0x000000001af05800 JavaThread "Cache worker for journal cache (C:\Users\84459\.gradle\caches\journal-1)" [_thread_blocked, id=20816, stack(0x000000001da90000,0x000000001db90000)]
  0x000000001af02800 JavaThread "File lock request listener" [_thread_in_native, id=20156, stack(0x000000001d990000,0x000000001da90000)]
  0x000000001af01800 JavaThread "Cache worker for file hash cache (C:\Users\84459\.gradle\caches\5.6.4\fileHashes)" [_thread_blocked, id=6836, stack(0x000000001d890000,0x000000001d990000)]
  0x000000001af07800 JavaThread "Thread-9" [_thread_blocked, id=19944, stack(0x000000001d590000,0x000000001d690000)]
  0x000000001af04800 JavaThread "Stdin handler" [_thread_blocked, id=18928, stack(0x000000001d490000,0x000000001d590000)]
  0x000000001b9e8800 JavaThread "Asynchronous log dispatcher for DefaultDaemonConnection: socket connection from /127.0.0.1:62636 to /127.0.0.1:62637" [_thread_blocked, id=18052, stack(0x000000001d290000,0x000000001d390000)]
  0x000000001ba12800 JavaThread "Daemon worker" [_thread_in_native, id=12904, stack(0x000000001d190000,0x000000001d290000)]
  0x000000001ba6c800 JavaThread "Cancel handler" [_thread_blocked, id=12172, stack(0x000000001d090000,0x000000001d190000)]
  0x000000001b9c8800 JavaThread "Handler for socket connection from /127.0.0.1:62636 to /127.0.0.1:62637" [_thread_in_native, id=12568, stack(0x000000001cd90000,0x000000001ce90000)]
  0x000000001b9c8000 JavaThread "Daemon" [_thread_blocked, id=20792, stack(0x000000001cc90000,0x000000001cd90000)]
  0x000000001b94b800 JavaThread "Daemon periodic checks" [_thread_blocked, id=5076, stack(0x000000001cb90000,0x000000001cc90000)]
  0x000000001b938800 JavaThread "Incoming local TCP Connector on port 62636" [_thread_in_native, id=21012, stack(0x000000001c9e0000,0x000000001cae0000)]
  0x000000001a006000 JavaThread "Daemon health stats" [_thread_blocked, id=12360, stack(0x000000001c6e0000,0x000000001c7e0000)]
  0x000000001925f800 JavaThread "Service Thread" daemon [_thread_blocked, id=20684, stack(0x0000000019d40000,0x0000000019e40000)]
  0x00000000191e0800 JavaThread "C1 CompilerThread3" daemon [_thread_blocked, id=11636, stack(0x0000000019c40000,0x0000000019d40000)]
  0x00000000191d6000 JavaThread "C2 CompilerThread2" daemon [_thread_in_native, id=3712, stack(0x0000000019b40000,0x0000000019c40000)]
=>0x000000001737d800 JavaThread "C2 CompilerThread1" daemon [_thread_in_native, id=21180, stack(0x0000000019a40000,0x0000000019b40000)]
  0x000000001737a800 JavaThread "C2 CompilerThread0" daemon [_thread_in_native, id=19248, stack(0x0000000019940000,0x0000000019a40000)]
  0x00000000191d0000 JavaThread "Attach Listener" daemon [_thread_blocked, id=7808, stack(0x0000000019840000,0x0000000019940000)]
  0x000000001917d800 JavaThread "Signal Dispatcher" daemon [_thread_blocked, id=2340, stack(0x0000000019740000,0x0000000019840000)]
  0x0000000019161000 JavaThread "Finalizer" daemon [_thread_blocked, id=15996, stack(0x0000000019640000,0x0000000019740000)]
  0x0000000019160800 JavaThread "Reference Handler" daemon [_thread_blocked, id=7640, stack(0x0000000019540000,0x0000000019640000)]
  0x00000000034ae800 JavaThread "main" [_thread_blocked, id=1952, stack(0x00000000032b0000,0x00000000033b0000)]

Other Threads:
  0x0000000017366000 VMThread [stack: 0x0000000019040000,0x0000000019140000] [id=19432]
  0x0000000019260800 WatcherThread [stack: 0x0000000019e40000,0x0000000019f40000] [id=6824]

VM state:not at safepoint (normal execution)

VM Mutex/Monitor currently owned by a thread: None

heap address: 0x00000000a0000000, size: 1536 MB, Compressed Oops mode: 32-bit
Narrow klass base: 0x0000000000000000, Narrow klass shift: 3
Compressed class space size: 1073741824 Address: 0x0000000100000000

Heap:
 PSYoungGen      total 147456K, used 93444K [0x00000000e0000000, 0x00000000ea980000, 0x0000000100000000)
  eden space 134656K, 69% used [0x00000000e0000000,0x00000000e5b41170,0x00000000e8380000)
  from space 12800K, 0% used [0x00000000e9d00000,0x00000000e9d00000,0x00000000ea980000)
  to   space 14848K, 0% used [0x00000000e8c80000,0x00000000e8c80000,0x00000000e9b00000)
 ParOldGen       total 93184K, used 33223K [0x00000000a0000000, 0x00000000a5b00000, 0x00000000e0000000)
  object space 93184K, 35% used [0x00000000a0000000,0x00000000a2071dc8,0x00000000a5b00000)
 Metaspace       used 61361K, capacity 63510K, committed 63640K, reserved 1103872K
  class space    used 8524K, capacity 9000K, committed 9112K, reserved 1048576K

Card table byte_map: [0x0000000012970000,0x0000000012c80000] byte_map_base: 0x0000000012470000

Marking Bits: (ParMarkBitMap*) 0x0000000071189f30
 Begin Bits: [0x0000000013680000, 0x0000000014e80000)
 End Bits:   [0x0000000014e80000, 0x0000000016680000)

Polling page: 0x00000000012d0000

CodeCache: size=245760Kb used=19873Kb max_used=19873Kb free=225886Kb
 bounds [0x00000000035b0000, 0x0000000004930000, 0x00000000125b0000]
 total_blobs=6462 nmethods=5672 adapters=702
 compilation: enabled

Compilation events (10 events):
Event: 9.338 Thread 0x00000000191e0800 6142       3       java.util.Formatter$FormatSpecifier::checkBadFlags (39 bytes)
Event: 9.339 Thread 0x00000000191e0800 nmethod 6142 0x0000000004924950 code [0x0000000004924b00, 0x0000000004924f98]
Event: 9.348 Thread 0x00000000191e0800 6143       3       java.lang.invoke.CallSite::maybeReBoxElements (24 bytes)
Event: 9.348 Thread 0x00000000191e0800 nmethod 6143 0x0000000004925210 code [0x00000000049253c0, 0x0000000004925a68]
Event: 9.363 Thread 0x00000000191e0800 6144       3       sun.nio.fs.WindowsPathParser::parse (6 bytes)
Event: 9.363 Thread 0x00000000191e0800 nmethod 6144 0x0000000004926110 code [0x0000000004926280, 0x00000000049263e8]
Event: 9.364 Thread 0x00000000191e0800 6145       3       sun.nio.fs.WindowsPath::parse (26 bytes)
Event: 9.364 Thread 0x00000000191e0800 nmethod 6145 0x0000000004926490 code [0x0000000004926620, 0x0000000004926a48]
Event: 9.365 Thread 0x00000000191e0800 6146       3       java.lang.invoke.LambdaFormEditor$Transform::<init> (17 bytes)
Event: 9.365 Thread 0x00000000191e0800 nmethod 6146 0x0000000004926c50 code [0x0000000004926dc0, 0x0000000004927130]

GC Heap History (10 events):
Event: 5.229 GC heap before
{Heap before GC invocations=11 (full 2):
 PSYoungGen      total 118272K, used 11013K [0x00000000e0000000, 0x00000000ea980000, 0x0000000100000000)
  eden space 106496K, 0% used [0x00000000e0000000,0x00000000e0000000,0x00000000e6800000)
  from space 11776K, 93% used [0x00000000e6800000,0x00000000e72c1630,0x00000000e7380000)
  to   space 12800K, 0% used [0x00000000e9d00000,0x00000000e9d00000,0x00000000ea980000)
 ParOldGen       total 60416K, used 9966K [0x00000000a0000000, 0x00000000a3b00000, 0x00000000e0000000)
  object space 60416K, 16% used [0x00000000a0000000,0x00000000a09bb9c8,0x00000000a3b00000)
 Metaspace       used 34592K, capacity 35406K, committed 35496K, reserved 1079296K
  class space    used 4755K, capacity 4994K, committed 5032K, reserved 1048576K
Event: 5.277 GC heap after
Heap after GC invocations=11 (full 2):
 PSYoungGen      total 118272K, used 0K [0x00000000e0000000, 0x00000000ea980000, 0x0000000100000000)
  eden space 106496K, 0% used [0x00000000e0000000,0x00000000e0000000,0x00000000e6800000)
  from space 11776K, 0% used [0x00000000e6800000,0x00000000e6800000,0x00000000e7380000)
  to   space 12800K, 0% used [0x00000000e9d00000,0x00000000e9d00000,0x00000000ea980000)
 ParOldGen       total 93184K, used 18415K [0x00000000a0000000, 0x00000000a5b00000, 0x00000000e0000000)
  object space 93184K, 19% used [0x00000000a0000000,0x00000000a11fbf98,0x00000000a5b00000)
 Metaspace       used 34592K, capacity 35406K, committed 35496K, reserved 1079296K
  class space    used 4755K, capacity 4994K, committed 5032K, reserved 1048576K
}
Event: 6.464 GC heap before
{Heap before GC invocations=12 (full 2):
 PSYoungGen      total 118272K, used 106496K [0x00000000e0000000, 0x00000000ea980000, 0x0000000100000000)
  eden space 106496K, 100% used [0x00000000e0000000,0x00000000e6800000,0x00000000e6800000)
  from space 11776K, 0% used [0x00000000e6800000,0x00000000e6800000,0x00000000e7380000)
  to   space 12800K, 0% used [0x00000000e9d00000,0x00000000e9d00000,0x00000000ea980000)
 ParOldGen       total 93184K, used 18415K [0x00000000a0000000, 0x00000000a5b00000, 0x00000000e0000000)
  object space 93184K, 19% used [0x00000000a0000000,0x00000000a11fbf98,0x00000000a5b00000)
 Metaspace       used 43891K, capacity 45174K, committed 45480K, reserved 1089536K
  class space    used 5932K, capacity 6220K, committed 6312K, reserved 1048576K
Event: 6.476 GC heap after
Heap after GC invocations=12 (full 2):
 PSYoungGen      total 147456K, used 12776K [0x00000000e0000000, 0x00000000ea980000, 0x0000000100000000)
  eden space 134656K, 0% used [0x00000000e0000000,0x00000000e0000000,0x00000000e8380000)
  from space 12800K, 99% used [0x00000000e9d00000,0x00000000ea97a258,0x00000000ea980000)
  to   space 14848K, 0% used [0x00000000e8c80000,0x00000000e8c80000,0x00000000e9b00000)
 ParOldGen       total 93184K, used 19859K [0x00000000a0000000, 0x00000000a5b00000, 0x00000000e0000000)
  object space 93184K, 21% used [0x00000000a0000000,0x00000000a1364f70,0x00000000a5b00000)
 Metaspace       used 43891K, capacity 45174K, committed 45480K, reserved 1089536K
  class space    used 5932K, capacity 6220K, committed 6312K, reserved 1048576K
}
Event: 7.800 GC heap before
{Heap before GC invocations=13 (full 2):
 PSYoungGen      total 147456K, used 147432K [0x00000000e0000000, 0x00000000ea980000, 0x0000000100000000)
  eden space 134656K, 100% used [0x00000000e0000000,0x00000000e8380000,0x00000000e8380000)
  from space 12800K, 99% used [0x00000000e9d00000,0x00000000ea97a258,0x00000000ea980000)
  to   space 14848K, 0% used [0x00000000e8c80000,0x00000000e8c80000,0x00000000e9b00000)
 ParOldGen       total 93184K, used 19859K [0x00000000a0000000, 0x00000000a5b00000, 0x00000000e0000000)
  object space 93184K, 21% used [0x00000000a0000000,0x00000000a1364f70,0x00000000a5b00000)
 Metaspace       used 54246K, capacity 56236K, committed 56360K, reserved 1097728K
  class space    used 7456K, capacity 7891K, committed 7976K, reserved 1048576K
Event: 7.821 GC heap after
Heap after GC invocations=13 (full 2):
 PSYoungGen      total 149504K, used 14843K [0x00000000e0000000, 0x00000000ea980000, 0x0000000100000000)
  eden space 134656K, 0% used [0x00000000e0000000,0x00000000e0000000,0x00000000e8380000)
  from space 14848K, 99% used [0x00000000e8c80000,0x00000000e9afed70,0x00000000e9b00000)
  to   space 12800K, 0% used [0x00000000e9d00000,0x00000000e9d00000,0x00000000ea980000)
 ParOldGen       total 93184K, used 26218K [0x00000000a0000000, 0x00000000a5b00000, 0x00000000e0000000)
  object space 93184K, 28% used [0x00000000a0000000,0x00000000a199a9c0,0x00000000a5b00000)
 Metaspace       used 54246K, capacity 56236K, committed 56360K, reserved 1097728K
  class space    used 7456K, capacity 7891K, committed 7976K, reserved 1048576K
}
Event: 8.287 GC heap before
{Heap before GC invocations=14 (full 2):
 PSYoungGen      total 149504K, used 74076K [0x00000000e0000000, 0x00000000ea980000, 0x0000000100000000)
  eden space 134656K, 43% used [0x00000000e0000000,0x00000000e39d82e0,0x00000000e8380000)
  from space 14848K, 99% used [0x00000000e8c80000,0x00000000e9afed70,0x00000000e9b00000)
  to   space 12800K, 0% used [0x00000000e9d00000,0x00000000e9d00000,0x00000000ea980000)
 ParOldGen       total 93184K, used 26218K [0x00000000a0000000, 0x00000000a5b00000, 0x00000000e0000000)
  object space 93184K, 28% used [0x00000000a0000000,0x00000000a199a9c0,0x00000000a5b00000)
 Metaspace       used 56923K, capacity 59068K, committed 59160K, reserved 1099776K
  class space    used 7906K, capacity 8384K, committed 8472K, reserved 1048576K
Event: 8.298 GC heap after
Heap after GC invocations=14 (full 2):
 PSYoungGen      total 147456K, used 4399K [0x00000000e0000000, 0x00000000ea980000, 0x0000000100000000)
  eden space 134656K, 0% used [0x00000000e0000000,0x00000000e0000000,0x00000000e8380000)
  from space 12800K, 34% used [0x00000000e9d00000,0x00000000ea14bc18,0x00000000ea980000)
  to   space 14848K, 0% used [0x00000000e8c80000,0x00000000e8c80000,0x00000000e9b00000)
 ParOldGen       total 93184K, used 34165K [0x00000000a0000000, 0x00000000a5b00000, 0x00000000e0000000)
  object space 93184K, 36% used [0x00000000a0000000,0x00000000a215d7b0,0x00000000a5b00000)
 Metaspace       used 56923K, capacity 59068K, committed 59160K, reserved 1099776K
  class space    used 7906K, capacity 8384K, committed 8472K, reserved 1048576K
}
Event: 8.298 GC heap before
{Heap before GC invocations=15 (full 3):
 PSYoungGen      total 147456K, used 4399K [0x00000000e0000000, 0x00000000ea980000, 0x0000000100000000)
  eden space 134656K, 0% used [0x00000000e0000000,0x00000000e0000000,0x00000000e8380000)
  from space 12800K, 34% used [0x00000000e9d00000,0x00000000ea14bc18,0x00000000ea980000)
  to   space 14848K, 0% used [0x00000000e8c80000,0x00000000e8c80000,0x00000000e9b00000)
 ParOldGen       total 93184K, used 34165K [0x00000000a0000000, 0x00000000a5b00000, 0x00000000e0000000)
  object space 93184K, 36% used [0x00000000a0000000,0x00000000a215d7b0,0x00000000a5b00000)
 Metaspace       used 56923K, capacity 59068K, committed 59160K, reserved 1099776K
  class space    used 7906K, capacity 8384K, committed 8472K, reserved 1048576K
Event: 8.558 GC heap after
Heap after GC invocations=15 (full 3):
 PSYoungGen      total 147456K, used 0K [0x00000000e0000000, 0x00000000ea980000, 0x0000000100000000)
  eden space 134656K, 0% used [0x00000000e0000000,0x00000000e0000000,0x00000000e8380000)
  from space 12800K, 0% used [0x00000000e9d00000,0x00000000e9d00000,0x00000000ea980000)
  to   space 14848K, 0% used [0x00000000e8c80000,0x00000000e8c80000,0x00000000e9b00000)
 ParOldGen       total 93184K, used 33223K [0x00000000a0000000, 0x00000000a5b00000, 0x00000000e0000000)
  object space 93184K, 35% used [0x00000000a0000000,0x00000000a2071dc8,0x00000000a5b00000)
 Metaspace       used 56900K, capacity 58990K, committed 59160K, reserved 1099776K
  class space    used 7899K, capacity 8371K, committed 8472K, reserved 1048576K
}

Deoptimization events (10 events):
Event: 8.868 Thread 0x000000001ba12800 Uncommon trap: reason=unstable_if action=reinterpret pc=0x00000000043a5bec method=java.lang.Class$MethodArray.removeLessSpecifics()V @ 25
Event: 8.922 Thread 0x000000001ba12800 Uncommon trap: reason=class_check action=maybe_recompile pc=0x0000000003ba4f00 method=java.lang.Throwable.<init>(Ljava/lang/String;Ljava/lang/Throwable;)V @ 24
Event: 8.963 Thread 0x000000001ba12800 Uncommon trap: reason=class_check action=maybe_recompile pc=0x0000000003ba4f00 method=java.lang.Throwable.<init>(Ljava/lang/String;Ljava/lang/Throwable;)V @ 24
Event: 8.992 Thread 0x000000001ba12800 Uncommon trap: reason=bimorphic action=maybe_recompile pc=0x00000000042876fc method=java.util.regex.Pattern$5.isSatisfiedBy(I)Z @ 16
Event: 8.992 Thread 0x000000001ba12800 Uncommon trap: reason=bimorphic action=maybe_recompile pc=0x00000000042876fc method=java.util.regex.Pattern$5.isSatisfiedBy(I)Z @ 16
Event: 8.992 Thread 0x000000001ba12800 Uncommon trap: reason=bimorphic action=maybe_recompile pc=0x00000000042876fc method=java.util.regex.Pattern$5.isSatisfiedBy(I)Z @ 16
Event: 8.992 Thread 0x000000001ba12800 Uncommon trap: reason=bimorphic action=maybe_recompile pc=0x00000000042876fc method=java.util.regex.Pattern$5.isSatisfiedBy(I)Z @ 16
Event: 9.273 Thread 0x000000001ba12800 Uncommon trap: reason=unstable_if action=reinterpret pc=0x0000000003b8ece8 method=java.util.regex.Pattern$BmpCharProperty.match(Ljava/util/regex/Matcher;ILjava/lang/CharSequence;)Z @ 34
Event: 9.281 Thread 0x000000001ba12800 Uncommon trap: reason=unstable_if action=reinterpret pc=0x000000000433d930 method=com.sun.org.apache.xerces.internal.impl.XMLEntityScanner.scanLiteral(ILcom/sun/org/apache/xerces/internal/xni/XMLString;Z)I @ 660
Event: 9.293 Thread 0x000000001ba12800 Uncommon trap: reason=unstable_if action=reinterpret pc=0x000000000400419c method=java.lang.CharacterDataLatin1.digit(II)I @ 31

Classes redefined (0 events):
No events

Internal exceptions (10 events):
Event: 8.936 Thread 0x000000001ba12800 Exception <a 'java/lang/ClassNotFoundException': org/gradle/api/tasks/testing/TestCustomizer> (0x00000000e32f3148) thrown at [D:\src\AOSP-openjdk-cygwin\jdk8u\hotspot\src\share\vm\classfile\systemDictionary.cpp, line 210]
Event: 8.939 Thread 0x000000001ba12800 Exception <a 'java/lang/ClassNotFoundException': com/android/build/gradle/tasks/factory/AndroidUnitTestCustomizer> (0x00000000e33e9fb8) thrown at [D:\src\AOSP-openjdk-cygwin\jdk8u\hotspot\src\share\vm\classfile\systemDictionary.cpp, line 210]
Event: 8.939 Thread 0x000000001ba12800 Exception <a 'java/lang/ClassNotFoundException': com/android/build/gradle/tasks/factory/AndroidUnitTest_DecoratedCustomizer> (0x00000000e342a1e8) thrown at [D:\src\AOSP-openjdk-cygwin\jdk8u\hotspot\src\share\vm\classfile\systemDictionary.cpp, line 210]
Event: 9.021 Thread 0x000000001ba12800 Exception <a 'java/lang/ClassNotFoundException': com/sun/org/glassfish/hk2/osgiresourcelocator/ServiceLoader> (0x00000000e3b2bca8) thrown at [D:\src\AOSP-openjdk-cygwin\jdk8u\hotspot\src\share\vm\classfile\systemDictionary.cpp, line 210]
Event: 9.072 Thread 0x000000001ba12800 Exception <a 'java/lang/NullPointerException'> (0x00000000e429c968) thrown at [D:\src\AOSP-openjdk-cygwin\jdk8u\hotspot\src\share\vm\interpreter\linkResolver.cpp, line 1287]
Event: 9.324 Thread 0x000000001ba12800 Exception <a 'sun/nio/fs/WindowsException'> (0x00000000e562cb70) thrown at [D:\src\AOSP-openjdk-cygwin\jdk8u\hotspot\src\share\vm\prims\jni.cpp, line 710]
Event: 9.363 Thread 0x000000001ba12800 Exception <a 'sun/nio/fs/WindowsException'> (0x00000000e58d17f8) thrown at [D:\src\AOSP-openjdk-cygwin\jdk8u\hotspot\src\share\vm\prims\jni.cpp, line 710]
Event: 9.363 Thread 0x000000001ba12800 Exception <a 'sun/nio/fs/WindowsException'> (0x00000000e58d21f8) thrown at [D:\src\AOSP-openjdk-cygwin\jdk8u\hotspot\src\share\vm\prims\jni.cpp, line 710]
Event: 9.364 Thread 0x000000001ba12800 Exception <a 'sun/nio/fs/WindowsException'> (0x00000000e58d4370) thrown at [D:\src\AOSP-openjdk-cygwin\jdk8u\hotspot\src\share\vm\prims\jni.cpp, line 710]
Event: 9.364 Thread 0x000000001ba12800 Exception <a 'sun/nio/fs/WindowsException'> (0x00000000e58d4d70) thrown at [D:\src\AOSP-openjdk-cygwin\jdk8u\hotspot\src\share\vm\prims\jni.cpp, line 710]

Events (10 events):
Event: 9.367 loading class java/util/stream/Node$OfDouble done
Event: 9.367 loading class java/util/stream/Nodes$EmptyNode$OfDouble done
Event: 9.367 loading class java/util/stream/Nodes$SpinedNodeBuilder
Event: 9.367 loading class java/util/stream/Node$Builder
Event: 9.367 loading class java/util/stream/Node$Builder done
Event: 9.367 loading class java/util/stream/SpinedBuffer
Event: 9.367 loading class java/util/stream/AbstractSpinedBuffer
Event: 9.367 loading class java/util/stream/AbstractSpinedBuffer done
Event: 9.367 loading class java/util/stream/SpinedBuffer done
Event: 9.367 loading class java/util/stream/Nodes$SpinedNodeBuilder done


Dynamic libraries:
0x00007ff69c870000 - 0x00007ff69c8a1000 	C:\Program Files\Android\Android Studio\jre\bin\java.exe
0x00007ffb8bba0000 - 0x00007ffb8bd90000 	C:\WINDOWS\SYSTEM32\ntdll.dll
0x00007ffb8a450000 - 0x00007ffb8a502000 	C:\WINDOWS\System32\KERNEL32.DLL
0x00007ffb88c00000 - 0x00007ffb88ea4000 	C:\WINDOWS\System32\KERNELBASE.dll
0x00007ffb8a580000 - 0x00007ffb8a623000 	C:\WINDOWS\System32\ADVAPI32.dll
0x00007ffb8bac0000 - 0x00007ffb8bb5e000 	C:\WINDOWS\System32\msvcrt.dll
0x00007ffb8ace0000 - 0x00007ffb8ad77000 	C:\WINDOWS\System32\sechost.dll
0x00007ffb8a2b0000 - 0x00007ffb8a3d0000 	C:\WINDOWS\System32\RPCRT4.dll
0x00007ffb8ad80000 - 0x00007ffb8af14000 	C:\WINDOWS\System32\USER32.dll
0x00007ffb88f00000 - 0x00007ffb88f21000 	C:\WINDOWS\System32\win32u.dll
0x00007ffb8b610000 - 0x00007ffb8b636000 	C:\WINDOWS\System32\GDI32.dll
0x00007ffb89080000 - 0x00007ffb89214000 	C:\WINDOWS\System32\gdi32full.dll
0x00007ffb88fe0000 - 0x00007ffb8907e000 	C:\WINDOWS\System32\msvcp_win.dll
0x00007ffb89b50000 - 0x00007ffb89c4a000 	C:\WINDOWS\System32\ucrtbase.dll
0x00007ffb70530000 - 0x00007ffb707b4000 	C:\WINDOWS\WinSxS\amd64_microsoft.windows.common-controls_6595b64144ccf1df_6.0.18362.836_none_e6c4b943130f18ed\COMCTL32.dll
0x00007ffb89f70000 - 0x00007ffb8a2a6000 	C:\WINDOWS\System32\combase.dll
0x00007ffb88b80000 - 0x00007ffb88c00000 	C:\WINDOWS\System32\bcryptPrimitives.dll
0x00007ffb8a700000 - 0x00007ffb8a72e000 	C:\WINDOWS\System32\IMM32.DLL
0x0000000072410000 - 0x00000000724e2000 	C:\Program Files\Android\Android Studio\jre\jre\bin\msvcr100.dll
0x00000000709c0000 - 0x0000000071206000 	C:\Program Files\Android\Android Studio\jre\jre\bin\server\jvm.dll
0x00007ffb8ba50000 - 0x00007ffb8ba58000 	C:\WINDOWS\System32\PSAPI.DLL
0x00007ffb82c90000 - 0x00007ffb82c9a000 	C:\WINDOWS\SYSTEM32\VERSION.dll
0x00007ffb7ba00000 - 0x00007ffb7ba09000 	C:\WINDOWS\SYSTEM32\WSOCK32.dll
0x00007ffb8b840000 - 0x00007ffb8b8af000 	C:\WINDOWS\System32\WS2_32.dll
0x00007ffb7bd40000 - 0x00007ffb7bd64000 	C:\WINDOWS\SYSTEM32\WINMM.dll
0x00007ffb7bb60000 - 0x00007ffb7bb8d000 	C:\WINDOWS\SYSTEM32\winmmbase.dll
0x00007ffb88eb0000 - 0x00007ffb88efa000 	C:\WINDOWS\System32\cfgmgr32.dll
0x00007ffb81ae0000 - 0x00007ffb81aef000 	C:\Program Files\Android\Android Studio\jre\jre\bin\verify.dll
0x00007ffb6f990000 - 0x00007ffb6f9b9000 	C:\Program Files\Android\Android Studio\jre\jre\bin\java.dll
0x00007ffb802f0000 - 0x00007ffb80306000 	C:\Program Files\Android\Android Studio\jre\jre\bin\zip.dll
0x00007ffb8af20000 - 0x00007ffb8b604000 	C:\WINDOWS\System32\SHELL32.dll
0x00007ffb8b660000 - 0x00007ffb8b709000 	C:\WINDOWS\System32\shcore.dll
0x00007ffb89280000 - 0x00007ffb899fe000 	C:\WINDOWS\System32\windows.storage.dll
0x00007ffb88ae0000 - 0x00007ffb88b03000 	C:\WINDOWS\System32\profapi.dll
0x00007ffb88a90000 - 0x00007ffb88ada000 	C:\WINDOWS\System32\powrprof.dll
0x00007ffb88a60000 - 0x00007ffb88a70000 	C:\WINDOWS\System32\UMPDC.dll
0x00007ffb8ba60000 - 0x00007ffb8bab2000 	C:\WINDOWS\System32\shlwapi.dll
0x00007ffb88a70000 - 0x00007ffb88a81000 	C:\WINDOWS\System32\kernel.appcore.dll
0x00007ffb88b60000 - 0x00007ffb88b77000 	C:\WINDOWS\System32\cryptsp.dll
0x00007ffb7f210000 - 0x00007ffb7f22a000 	C:\Program Files\Android\Android Studio\jre\jre\bin\net.dll
0x00007ffb7afc0000 - 0x00007ffb7b196000 	C:\WINDOWS\SYSTEM32\urlmon.dll
0x00007ffb7a1c0000 - 0x00007ffb7a466000 	C:\WINDOWS\SYSTEM32\iertutil.dll
0x00007ffb88470000 - 0x00007ffb8847c000 	C:\WINDOWS\SYSTEM32\CRYPTBASE.DLL
0x00007ffb882a0000 - 0x00007ffb88307000 	C:\WINDOWS\system32\mswsock.dll
0x00007ffb6f970000 - 0x00007ffb6f983000 	C:\Program Files\Android\Android Studio\jre\jre\bin\nio.dll
0x00007ffb60930000 - 0x00007ffb60956000 	C:\Users\84459\.gradle\native\30\windows-amd64\native-platform.dll
0x00007ffb81940000 - 0x00007ffb8194d000 	C:\Program Files\Android\Android Studio\jre\jre\bin\management.dll
0x00007ffb87db0000 - 0x00007ffb87de3000 	C:\WINDOWS\system32\rsaenh.dll
0x00007ffb88b30000 - 0x00007ffb88b56000 	C:\WINDOWS\System32\bcrypt.dll
0x00007ffb88980000 - 0x00007ffb889a5000 	C:\WINDOWS\SYSTEM32\USERENV.dll
0x00007ffb87fb0000 - 0x00007ffb87fea000 	C:\WINDOWS\SYSTEM32\IPHLPAPI.DLL
0x00007ffb89f60000 - 0x00007ffb89f68000 	C:\WINDOWS\System32\NSI.dll
0x00007ffb7f600000 - 0x00007ffb7f616000 	C:\WINDOWS\SYSTEM32\dhcpcsvc6.DLL
0x00007ffb7fbe0000 - 0x00007ffb7fbfc000 	C:\WINDOWS\SYSTEM32\dhcpcsvc.DLL
0x00007ffb88000000 - 0x00007ffb880cb000 	C:\WINDOWS\SYSTEM32\DNSAPI.dll

VM Arguments:
jvm_args: -Xmx1536m -Dfile.encoding=GBK -Duser.country=CN -Duser.language=zh -Duser.variant 
java_command: org.gradle.launcher.daemon.bootstrap.GradleDaemon 5.6.4
java_class_path (initial): C:\Users\84459\.gradle\wrapper\dists\gradle-5.6.4-all\ankdp27end7byghfw1q2sw75f\gradle-5.6.4\lib\gradle-launcher-5.6.4.jar
Launcher Type: SUN_STANDARD

Environment Variables:
PATH=C:\ProgramData\Oracle\Java\javapath;C:\ProgramData\Microsoft\Windows\Start Menu\Programs\Visual Studio 2017\Microsoft Visual Studio SDK\Tools\D:\广大君\作业\C++面向对象\题;C:\Progra; Files\Microsoft SQL Server\Client SDK\ODBC\110\Tools\Binn\;C:\Program Files (x86)\Microsoft SQL Server\120\Tools\Binn\;C:\Program Files\Microsoft SQL Server\120\Tools\Binn\;C:\Program Files\Microsoft SQL Server\120\DTS\Binn\;C:\Program Files (x86)\Microsoft SQL Server\120\Tools\Binn\ManagementStudio\;C:\Program Files (x86)\Microsoft SQL Server\120\DTS\Binn\;C:\Program Files (x86)\QuickTime\QTSystem\;D:\Adobe\GIt\Git\cmd;D:\Adobe\Python\Scripts\;D:\Adobe\Python\;C:\Users\84459\AppData\Local\Microsoft\WindowsApps;
USERNAME=84459
OS=Windows_NT
PROCESSOR_IDENTIFIER=Intel64 Family 6 Model 142 Stepping 10, GenuineIntel



---------------  S Y S T E M  ---------------

OS: Windows 10.0 , 64 bit Build 18362 (10.0.18362.778)

CPU:total 8 (initial active 8) (4 cores per cpu, 2 threads per core) family 6 model 142 stepping 10, cmov, cx8, fxsr, mmx, sse, sse2, sse3, ssse3, sse4.1, sse4.2, popcnt, avx, avx2, aes, clmul, erms, 3dnowpref, lzcnt, ht, tsc, tscinvbit, bmi1, bmi2, adx

Memory: 4k page, physical 8268520k(2214544k free), swap 9346852k(5308k free)

vm_info: OpenJDK 64-Bit Server VM (25.212-b04) for windows-amd64 JRE (1.8.0_212-release-1586-b04), built by "builder" with MS VC++ 10.0 (VS2010)

time: Tue May 26 17:35:27 2020
timezone: 中国标准时间
elapsed time: 9 seconds (0d 0h 0m 9s)

